<?xml version='1.0' encoding='UTF-8'?>
<testsuite hostname="ione" name="WTreeTest" tests="18" errors="0" failures="0" skipped="0" time="0.069" timestamp="2024-06-13T18:51:38">
          <properties>
      <property name="java.specification.version" value="17"/><property name="sun.jnu.encoding" value="UTF-8"/><property name="sun.arch.data.model" value="64"/><property name="java.vendor.url" value="https://openjdk.java.net/"/><property name="sun.boot.library.path" value="/usr/lib/jvm/java-17-openjdk/lib"/><property name="sun.java.command" value="/usr/share/sbt/bin/sbt-launch.jar test"/><property name="jdk.debug" value="release"/><property name="sun.stderr.encoding" value="UTF-8"/><property name="java.specification.vendor" value="Oracle Corporation"/><property name="java.version.date" value="2024-04-16"/><property name="java.home" value="/usr/lib/jvm/java-17-openjdk"/><property name="file.separator" value="/"/><property name="java.vm.compressedOopsMode" value="32-bit"/><property name="line.separator" value="
"/><property name="sun.stdout.encoding" value="UTF-8"/><property name="java.vm.specification.vendor" value="Oracle Corporation"/><property name="java.specification.name" value="Java Platform API Specification"/><property name="sun.management.compiler" value="HotSpot 64-Bit Tiered Compilers"/><property name="java.runtime.version" value="17.0.11+9"/><property name="user.name" value="ione"/><property name="log4j.ignoreTCL" value="true"/><property name="file.encoding" value="UTF-8"/><property name="jnidispatch.path" value="/home/ione/.cache/JNA/temp/jna4144965907685752427.tmp"/><property name="jna.loaded" value="true"/><property name="java.io.tmpdir" value="/tmp"/><property name="java.version" value="17.0.11"/><property name="java.vm.specification.name" value="Java Virtual Machine Specification"/><property name="native.encoding" value="UTF-8"/><property name="java.library.path" value="/usr/java/packages/lib:/usr/lib64:/lib64:/lib:/usr/lib"/><property name="java.vendor" value="N/A"/><property name="scala.ext.dirs" value="/home/ione/.sbt/1.0/java9-rt-ext-n_a_17_0_11"/><property name="sun.io.unicode.encoding" value="UnicodeLittle"/><property name="java.class.path" value="/usr/share/sbt/bin/sbt-launch.jar"/><property name="java.vm.vendor" value="Oracle Corporation"/><property name="jline.shutdownhook" value="false"/><property name="user.timezone" value="Europe/Bucharest"/><property name="java.vm.specification.version" value="17"/><property name="os.name" value="Linux"/><property name="sun.java.launcher" value="SUN_STANDARD"/><property name="user.country" value="US"/><property name="sun.cpu.endian" value="little"/><property name="user.home" value="/home/ione"/><property name="user.language" value="en"/><property name="sbt.script" value="/usr/bin/sbt"/><property name="swoval.tmpdir" value="/home/ione/.sbt/1.0"/><property name="jline.esc.timeout" value="0"/><property name="path.separator" value=":"/><property name="os.version" value="6.9.3-zen1-1-zen"/><property name="jna.nosys" value="true"/><property name="java.runtime.name" value="OpenJDK Runtime Environment"/><property name="java.vm.name" value="OpenJDK 64-Bit Server VM"/><property name="jna.platform.library.path" value="/usr/lib64:/lib64:/usr/lib:/lib:/usr/lib32:/opt/cuda/extras/CUPTI/lib64:/opt/cuda/nvvm/lib64:/opt/cuda/lib64:/usr/lib/libfakeroot"/><property name="java.vendor.url.bug" value="https://bugreport.java.com/bugreport/"/><property name="user.dir" value="/home/ione/Documents/University/Year_3/Functional_Programming/Homeworks/hw_02/H2-word-tree"/><property name="os.arch" value="amd64"/><property name="java.vm.info" value="mixed mode, sharing"/><property name="java.vm.version" value="17.0.11+9"/><property name="java.class.version" value="61.0"/>
    </properties>
          <testcase classname="WTreeTest" name="Valid profile id:294083" time="0.026">
                      
                    </testcase><testcase classname="WTreeTest" name="split: Simple split test (10p)" time="0.001">
                      
                    </testcase><testcase classname="WTreeTest" name="split: Making sure trailing whitespace is handled correctly (5p)" time="0.001">
                      
                    </testcase><testcase classname="WTreeTest" name="split: multiple consecutive whitespaces (5p)" time="0.0">
                      
                    </testcase><testcase classname="WTreeTest" name="computeTokens: Simple test (5p)" time="0.002">
                      
                    </testcase><testcase classname="WTreeTest" name="computeTokens: Multiple occurrences (10p)" time="0.001">
                      
                    </testcase><testcase classname="WTreeTest" name="makeTree: nonempty (10p)" time="0.003">
                      
                    </testcase><testcase classname="WTreeTest" name="makeTree: empty tree (5p)" time="0.001">
                      
                    </testcase><testcase classname="WTreeTest" name="size: empty tree (2p)" time="0.0">
                      
                    </testcase><testcase classname="WTreeTest" name="size: nonempty (3p)" time="0.0">
                      
                    </testcase><testcase classname="WTreeTest" name="contains: empty tree (2p)" time="0.001">
                      
                    </testcase><testcase classname="WTreeTest" name="contains: non-empty tree (3p)" time="0.001">
                      
                    </testcase><testcase classname="WTreeTest" name="filter: Simple test 1 (5p)" time="0.002">
                      
                    </testcase><testcase classname="WTreeTest" name="filter: Simple test 2 (5p)" time="0.001">
                      
                    </testcase><testcase classname="WTreeTest" name="filter: Simple test with empty tree after filtering (10p)" time="0.001">
                      
                    </testcase><testcase classname="WTreeTest" name="Scala keyword frequency (5p)" time="0.014">
                      
                    </testcase><testcase classname="WTreeTest" name="How many programming languages (10p)" time="0.007">
                      
                    </testcase><testcase classname="WTreeTest" name="How many words (5p)" time="0.007">
                      
                    </testcase>
          <system-out><![CDATA[]]></system-out>
          <system-err><![CDATA[]]></system-err>
        </testsuite>